0 info it worked if it ends with ok
1 verbose cli [ 'C:\\Program Files\\nodejs\\node.exe',
1 verbose cli   'C:\\Program Files\\nodejs\\node_modules\\npm\\bin\\npm-cli.js',
1 verbose cli   'run',
1 verbose cli   'html-copy' ]
2 info using npm@3.10.10
3 info using node@v6.11.4
4 verbose run-script [ 'prehtml-copy', 'html-copy', 'posthtml-copy' ]
5 info lifecycle teachablemachine@0.0.0~prehtml-copy: teachablemachine@0.0.0
6 silly lifecycle teachablemachine@0.0.0~prehtml-copy: no script for prehtml-copy, continuing
7 info lifecycle teachablemachine@0.0.0~html-copy: teachablemachine@0.0.0
8 verbose lifecycle teachablemachine@0.0.0~html-copy: unsafe-perm in lifecycle true
9 verbose lifecycle teachablemachine@0.0.0~html-copy: PATH: C:\Program Files\nodejs\node_modules\npm\bin\node-gyp-bin;c:\Users\Ken\Documents\GitHub\ai-cloud\teachable-machine-master\node_modules\.bin;c:\Users\Ken\Documents\GitHub\ai-cloud\teachable-machine-master\node_modules\.bin;C:\Users\Ken\AppData\Local\Yarn\config\link\node_modules\.bin;c:\Users\Ken\Documents\GitHub\ai-cloud\teachable-machine-master\node_modules\.bin;C:\Users\Ken\AppData\Local\Yarn\config\link\node_modules\.bin;C:\Program Files\lib\node_modules\npm\bin\node-gyp-bin;C:\Program Files\nodejs\node_modules\npm\bin\node-gyp-bin;C:\ProgramData\Oracle\Java\javapath;C:\Program Files (x86)\Intel\iCLS Client\;C:\Program Files\Intel\iCLS Client\;C:\Windows\system32;C:\Windows;C:\Windows\System32\Wbem;C:\Windows\System32\WindowsPowerShell\v1.0\;C:\Program Files (x86)\Intel\Intel(R) Management Engine Components\DAL;C:\Program Files\Intel\Intel(R) Management Engine Components\DAL;C:\Program Files (x86)\Intel\Intel(R) Management Engine Components\IPT;C:\Program Files\Intel\Intel(R) Management Engine Components\IPT;C:\Program Files\Intel\WiFi\bin\;C:\Program Files\Common Files\Intel\WirelessCommon\;C:\Program Files\PuTTY\;C:\Program Files\nodejs\;C:\Program Files (x86)\Yarn\bin;C:\Users\Ken\AppData\Local\Programs\Python\Python36-32\Scripts\;C:\Users\Ken\AppData\Local\Programs\Python\Python36-32\;C:\Users\Ken\AppData\Local\Microsoft\WindowsApps;C:\Users\Ken\AppData\Local\GitHubDesktop\bin;C:\Users\Ken\AppData\Roaming\npm;C:\Users\Ken\AppData\Local\Yarn\bin
10 verbose lifecycle teachablemachine@0.0.0~html-copy: CWD: c:\Users\Ken\Documents\GitHub\ai-cloud\teachable-machine-master
11 silly lifecycle teachablemachine@0.0.0~html-copy: Args: [ '/d /s /c', 'cpx "html/**/*.html" "public/" --clean' ]
12 silly lifecycle teachablemachine@0.0.0~html-copy: Returned: code: 1  signal: null
13 info lifecycle teachablemachine@0.0.0~html-copy: Failed to exec html-copy script
14 verbose stack Error: teachablemachine@0.0.0 html-copy: `cpx "html/**/*.html" "public/" --clean`
14 verbose stack Exit status 1
14 verbose stack     at EventEmitter.<anonymous> (C:\Program Files\nodejs\node_modules\npm\lib\utils\lifecycle.js:255:16)
14 verbose stack     at emitTwo (events.js:106:13)
14 verbose stack     at EventEmitter.emit (events.js:191:7)
14 verbose stack     at ChildProcess.<anonymous> (C:\Program Files\nodejs\node_modules\npm\lib\utils\spawn.js:40:14)
14 verbose stack     at emitTwo (events.js:106:13)
14 verbose stack     at ChildProcess.emit (events.js:191:7)
14 verbose stack     at maybeClose (internal/child_process.js:920:16)
14 verbose stack     at Process.ChildProcess._handle.onexit (internal/child_process.js:230:5)
15 verbose pkgid teachablemachine@0.0.0
16 verbose cwd c:\Users\Ken\Documents\GitHub\ai-cloud\teachable-machine-master
17 error Windows_NT 10.0.15063
18 error argv "C:\\Program Files\\nodejs\\node.exe" "C:\\Program Files\\nodejs\\node_modules\\npm\\bin\\npm-cli.js" "run" "html-copy"
19 error node v6.11.4
20 error npm  v3.10.10
21 error code ELIFECYCLE
22 error teachablemachine@0.0.0 html-copy: `cpx "html/**/*.html" "public/" --clean`
22 error Exit status 1
23 error Failed at the teachablemachine@0.0.0 html-copy script 'cpx "html/**/*.html" "public/" --clean'.
23 error Make sure you have the latest version of node.js and npm installed.
23 error If you do, this is most likely a problem with the teachablemachine package,
23 error not with npm itself.
23 error Tell the author that this fails on your system:
23 error     cpx "html/**/*.html" "public/" --clean
23 error You can get information on how to open an issue for this project with:
23 error     npm bugs teachablemachine
23 error Or if that isn't available, you can get their info via:
23 error     npm owner ls teachablemachine
23 error There is likely additional logging output above.
24 verbose exit [ 1, true ]
